TN:
SF:lib/Enemy.js
FN:3,Enemy
FN:15,(anonymous_1)
FN:19,(anonymous_2)
FN:26,(anonymous_3)
FN:33,(anonymous_4)
FN:42,(anonymous_5)
FNF:6
FNH:6
FNDA:6,Enemy
FNDA:1,(anonymous_1)
FNDA:2,(anonymous_2)
FNDA:2,(anonymous_3)
FNDA:2,(anonymous_4)
FNDA:2,(anonymous_5)
DA:1,1
DA:4,6
DA:5,6
DA:6,6
DA:8,6
DA:9,6
DA:10,6
DA:15,1
DA:16,1
DA:19,1
DA:20,2
DA:21,1
DA:23,1
DA:26,1
DA:27,2
DA:28,2
DA:30,2
DA:33,1
DA:34,2
DA:36,2
DA:37,1
DA:42,1
DA:43,2
DA:45,1
LF:24
LH:24
BRDA:20,0,0,1
BRDA:20,0,1,1
BRDA:36,1,0,1
BRDA:36,1,1,1
BRF:4
BRH:4
end_of_record
TN:
SF:lib/Player.js
FN:8,Player
FN:18,(anonymous_1)
FN:27,(anonymous_2)
FN:34,(anonymous_3)
FN:39,(anonymous_4)
FN:47,(anonymous_5)
FN:55,(anonymous_6)
FN:62,(anonymous_7)
FN:67,(anonymous_8)
FNF:9
FNH:9
FNDA:9,Player
FNDA:4,(anonymous_1)
FNDA:3,(anonymous_2)
FNDA:1,(anonymous_3)
FNDA:2,(anonymous_4)
FNDA:2,(anonymous_5)
FNDA:2,(anonymous_6)
FNDA:1,(anonymous_7)
FNDA:1,(anonymous_8)
DA:1,1
DA:3,1
DA:6,1
DA:9,9
DA:11,9
DA:12,9
DA:13,9
DA:15,9
DA:18,1
DA:19,4
DA:27,1
DA:28,3
DA:29,2
DA:31,1
DA:34,1
DA:35,1
DA:39,1
DA:40,2
DA:41,1
DA:43,1
DA:47,1
DA:48,2
DA:50,2
DA:51,1
DA:55,1
DA:56,2
DA:57,2
DA:59,2
DA:62,1
DA:63,1
DA:67,1
DA:68,1
DA:70,1
DA:72,0
DA:73,0
DA:75,1
DA:76,1
DA:78,0
DA:79,0
DA:91,1
LF:40
LH:36
BRDA:8,0,0,0
BRDA:28,1,0,2
BRDA:28,1,1,1
BRDA:40,2,0,1
BRDA:40,2,1,1
BRDA:50,3,0,1
BRDA:50,3,1,1
BRDA:70,4,0,0
BRDA:70,4,1,1
BRDA:70,4,2,0
BRF:10
BRH:7
end_of_record
TN:
SF:lib/Potion.js
FN:1,Potion
FNF:1
FNH:1
FNDA:6,Potion
DA:2,6
DA:3,6
DA:5,6
DA:6,4
DA:8,2
DA:12,2
LF:6
LH:6
BRDA:3,0,0,6
BRDA:3,0,1,5
BRDA:5,1,0,4
BRDA:5,1,1,2
BRF:4
BRH:4
end_of_record
